cl : Command line warning D9002: ignoring unknown option '-g'
  Game.c
c:\sdl2\include\SDL_platform.h(120): warning C4668: '_USING_V110_SDK71_' is not defined as a preprocessor macro, replacing with '0' for '#if/#elif'
c:\sdl2\include\begin_code.h(37): warning C4668: '__GNUC__' is not defined as a preprocessor macro, replacing with '0' for '#if/#elif'
c:\sdl2\include\SDL_assert.h(66): warning C4668: '__GNUC__' is not defined as a preprocessor macro, replacing with '0' for '#if/#elif'
C:\Program Files (x86)\Microsoft Visual Studio 14.0\VC\include\smmintrin.h(82): warning C4668: '__cplusplus' is not defined as a preprocessor macro, replacing with '0' for '#if/#elif'
C:\Program Files (x86)\Microsoft Visual Studio 14.0\VC\include\nmmintrin.h(35): warning C4668: '__cplusplus' is not defined as a preprocessor macro, replacing with '0' for '#if/#elif'
C:\Program Files (x86)\Microsoft Visual Studio 14.0\VC\include\wmmintrin.h(34): warning C4668: '__cplusplus' is not defined as a preprocessor macro, replacing with '0' for '#if/#elif'
C:\Program Files (x86)\Microsoft Visual Studio 14.0\VC\include\ammintrin.h(251): warning C4255: '__slwpcb': no function prototype given: converting '()' to '(void)'
c:\sdl2\include\SDL_keyboard.h(52): warning C4820: 'SDL_Keysym': '2' bytes padding added after data member 'mod'
c:\sdl2\include\SDL_haptic.h(440): warning C4820: 'SDL_HapticDirection': '3' bytes padding added after data member 'type'
c:\sdl2\include\SDL_haptic.h(459): warning C4820: 'SDL_HapticConstant': '2' bytes padding added after data member 'type'
c:\sdl2\include\SDL_haptic.h(542): warning C4820: 'SDL_HapticPeriodic': '2' bytes padding added after data member 'type'
c:\sdl2\include\SDL_haptic.h(563): warning C4820: 'SDL_HapticPeriodic': '2' bytes padding added after data member 'fade_level'
c:\sdl2\include\SDL_haptic.h(594): warning C4820: 'SDL_HapticCondition': '2' bytes padding added after data member 'type'
c:\sdl2\include\SDL_haptic.h(611): warning C4820: 'SDL_HapticCondition': '2' bytes padding added after data member 'center'
c:\sdl2\include\SDL_haptic.h(630): warning C4820: 'SDL_HapticRamp': '2' bytes padding added after data member 'type'
c:\sdl2\include\SDL_haptic.h(649): warning C4820: 'SDL_HapticRamp': '2' bytes padding added after data member 'fade_level'
c:\sdl2\include\SDL_haptic.h(669): warning C4820: 'SDL_HapticLeftRight': '2' bytes padding added after data member 'type'
c:\sdl2\include\SDL_haptic.h(693): warning C4820: 'SDL_HapticCustom': '2' bytes padding added after data member 'type'
c:\sdl2\include\SDL_haptic.h(705): warning C4820: 'SDL_HapticCustom': '1' bytes padding added after data member 'channels'
C:\Program Files (x86)\Windows Kits\10\Include\10.0.14393.0\um\winuser.h(13979): warning C4255: 'GetThreadDpiAwarenessContext': no function prototype given: converting '()' to '(void)'
C:\Program Files (x86)\Windows Kits\10\Include\10.0.14393.0\um\winuser.h(14015): warning C4255: 'GetDpiForSystem': no function prototype given: converting '()' to '(void)'
C:\Program Files (x86)\Windows Kits\10\Include\10.0.14393.0\um\GL/glu.h(235): warning C4255: 'fn': no function prototype given: converting '()' to '(void)'
C:\Program Files (x86)\Windows Kits\10\Include\10.0.14393.0\um\GL/glu.h(275): warning C4255: 'fn': no function prototype given: converting '()' to '(void)'
C:\Program Files (x86)\Windows Kits\10\Include\10.0.14393.0\um\GL/glu.h(358): warning C4255: 'fn': no function prototype given: converting '()' to '(void)'
f:\code\asteroids\src\Settings.h(57): warning C4820: 'Game_setting': '3' bytes padding added after data member 'fullscreen'
f:\code\asteroids\src\Settings.h(65): warning C4255: 'request_settings': no function prototype given: converting '()' to '(void)'
f:\code\asteroids\src\Window.h(84): warning C4255: 'clear_screen': no function prototype given: converting '()' to '(void)'
f:\code\asteroids\src\Window.h(89): warning C4255: 'show_screen': no function prototype given: converting '()' to '(void)'
f:\code\asteroids\src\Window.h(102): warning C4255: 'init_opengl': no function prototype given: converting '()' to '(void)'
f:\code\asteroids\src\Input_handling.h(58): warning C4255: 'handle_input': no function prototype given: converting '()' to '(void)'
f:\code\asteroids\src\Missile_List.h(16): warning C4255: 'create_missile_node': no function prototype given: converting '()' to '(void)'
f:\code\asteroids\src\Missile_List.h(18): warning C4255: 'get_head': no function prototype given: converting '()' to '(void)'
f:\code\asteroids\src\Missile_List.h(19): warning C4255: 'get_tail': no function prototype given: converting '()' to '(void)'
f:\code\asteroids\src\Game.h(71): warning C4255: 'draw_all': no function prototype given: converting '()' to '(void)'
f:\code\asteroids\src\Game.h(76): warning C4255: 'update': no function prototype given: converting '()' to '(void)'
f:\code\asteroids\src\Game.h(81): warning C4255: 'init_timers': no function prototype given: converting '()' to '(void)'
f:\code\asteroids\src\Game.h(86): warning C4255: 'update_timers': no function prototype given: converting '()' to '(void)'
f:\code\asteroids\src\Game.h(91): warning C4255: 'update_radar_beam': no function prototype given: converting '()' to '(void)'
f:\code\asteroids\src\Game.h(102): warning C4255: 'update_missiles': no function prototype given: converting '()' to '(void)'
f:\code\asteroids\src\Game.h(107): warning C4255: 'update_explosions': no function prototype given: converting '()' to '(void)'
f:\code\asteroids\src\HUD.h(64): warning C4255: 'draw_hud': no function prototype given: converting '()' to '(void)'
f:\code\asteroids\src\HUD.h(69): warning C4255: 'init_hud': no function prototype given: converting '()' to '(void)'
f:\code\asteroids\src\HUD.h(74): warning C4255: 'draw_border': no function prototype given: converting '()' to '(void)'
f:\code\asteroids\src\HUD.h(79): warning C4255: 'draw_radar_beam': no function prototype given: converting '()' to '(void)'
f:\code\asteroids\src\HUD.h(84): warning C4255: 'draw_mouse_pointer': no function prototype given: converting '()' to '(void)'
f:\code\asteroids\src\HUD.h(89): warning C4255: 'update_mouse_pointer': no function prototype given: converting '()' to '(void)'
f:\code\asteroids\src\Draw.h(82): warning C4255: 'draw_missiles': no function prototype given: converting '()' to '(void)'
F:\code\Asteroids\src\Game.c(71): warning C4255: 'draw_all': no function prototype given: converting '()' to '(void)'
F:\code\Asteroids\src\Game.c(84): warning C4255: 'update': no function prototype given: converting '()' to '(void)'
F:\code\Asteroids\src\Game.c(91): warning C4255: 'init_timers': no function prototype given: converting '()' to '(void)'
F:\code\Asteroids\src\Game.c(99): warning C4255: 'update_timers': no function prototype given: converting '()' to '(void)'
F:\code\Asteroids\src\Game.c(105): warning C4255: 'update_radar_beam': no function prototype given: converting '()' to '(void)'
F:\code\Asteroids\src\Game.c(108): warning C4244: '=': conversion from 'const float' to 'int', possible loss of data
F:\code\Asteroids\src\Game.c(135): warning C4013: 'printf' undefined; assuming extern returning int
F:\code\Asteroids\src\Game.c(142): warning C4255: 'update_missiles': no function prototype given: converting '()' to '(void)'
F:\code\Asteroids\src\Game.c(156): warning C4255: 'update_explosions': no function prototype given: converting '()' to '(void)'
  Asteroids.vcxproj -> F:\code\Asteroids\build\Debug\Asteroids.exe
